[20-May-2025 18:15:26 Europe/Berlin] 

=== Patient Dashboard Session Data ===
[20-May-2025 18:15:26 Europe/Berlin] Time: 2025-05-20 18:15:26
[20-May-2025 18:15:26 Europe/Berlin] Session ID: 2h1q7klsfu9utpesu6iu6uggak
[20-May-2025 18:15:26 Europe/Berlin] Session Data: Array
(
    [user_id] => 10
    [role] => patient
    [name] => AD asa
    [email] => chaelvin2@gmail.com
    [login_success] => 1
    [patient_id] => 10
)

[20-May-2025 18:15:26 Europe/Berlin] Request Headers: Array
(
    [Host] => localhost
    [Connection] => keep-alive
    [Cache-Control] => max-age=0
    [sec-ch-ua] => "Chromium";v="136", "Google Chrome";v="136", "Not.A/Brand";v="99"
    [sec-ch-ua-mobile] => ?1
    [sec-ch-ua-platform] => "Android"
    [Upgrade-Insecure-Requests] => 1
    [User-Agent] => Mozilla/5.0 (Linux; Android 6.0; Nexus 5 Build/MRA58N) AppleWebKit/537.36 (KHTML, like Gecko) Chrome/136.0.0.0 Mobile Safari/537.36
    [Accept] => text/html,application/xhtml+xml,application/xml;q=0.9,image/avif,image/webp,image/apng,*/*;q=0.8,application/signed-exchange;v=b3;q=0.7
    [Sec-Fetch-Site] => same-origin
    [Sec-Fetch-Mode] => navigate
    [Sec-Fetch-User] => ?1
    [Sec-Fetch-Dest] => document
    [Referer] => http://localhost/HealthCare%20Management/auth/Login.php
    [Accept-Encoding] => gzip, deflate, br, zstd
    [Accept-Language] => en-GB,en-US;q=0.9,en;q=0.8
    [Cookie] => PHPSESSID=2h1q7klsfu9utpesu6iu6uggak
)

[20-May-2025 18:15:26 Europe/Berlin] User data from session:
[20-May-2025 18:15:26 Europe/Berlin] User ID: 10
[20-May-2025 18:15:26 Europe/Berlin] Name: AD asa
[20-May-2025 18:15:26 Europe/Berlin] Email: chaelvin2@gmail.com
[20-May-2025 18:15:26 Europe/Berlin] Role: patient
